Determining if the pthread_create exist failed with the following output:
Change Dir: /home/workspace/CarND-Capstone/ros/build/CMakeFiles/CMakeTmp

Run Build Command:"/usr/bin/make" "cmTC_12e03/fast"
/usr/bin/make -f CMakeFiles/cmTC_12e03.dir/build.make CMakeFiles/cmTC_12e03.dir/build
make[1]: Entering directory '/home/workspace/CarND-Capstone/ros/build/CMakeFiles/CMakeTmp'
Building C object CMakeFiles/cmTC_12e03.dir/CheckSymbolExists.c.o
/usr/bin/cc    -o CMakeFiles/cmTC_12e03.dir/CheckSymbolExists.c.o   -c /home/workspace/CarND-Capstone/ros/build/CMakeFiles/CMakeTmp/CheckSymbolExists.c
Linking C executable cmTC_12e03
/usr/local/bin/cmake -E cmake_link_script CMakeFiles/cmTC_12e03.dir/link.txt --verbose=1
/usr/bin/cc      -rdynamic CMakeFiles/cmTC_12e03.dir/CheckSymbolExists.c.o  -o cmTC_12e03 
CMakeFiles/cmTC_12e03.dir/CheckSymbolExists.c.o: In function `main':
CheckSymbolExists.c:(.text+0x16): undefined reference to `pthread_create'
collect2: error: ld returned 1 exit status
CMakeFiles/cmTC_12e03.dir/build.make:86: recipe for target 'cmTC_12e03' failed
make[1]: *** [cmTC_12e03] Error 1
make[1]: Leaving directory '/home/workspace/CarND-Capstone/ros/build/CMakeFiles/CMakeTmp'
Makefile:121: recipe for target 'cmTC_12e03/fast' failed
make: *** [cmTC_12e03/fast] Error 2

File /home/workspace/CarND-Capstone/ros/build/CMakeFiles/CMakeTmp/CheckSymbolExists.c:
/* */
#include <pthread.h>

int main(int argc, char** argv)
{
  (void)argv;
#ifndef pthread_create
  return ((int*)(&pthread_create))[argc];
#else
  (void)argc;
  return 0;
#endif
}

Determining if the function pthread_create exists in the pthreads failed with the following output:
Change Dir: /home/workspace/CarND-Capstone/ros/build/CMakeFiles/CMakeTmp

Run Build Command:"/usr/bin/make" "cmTC_0ae90/fast"
/usr/bin/make -f CMakeFiles/cmTC_0ae90.dir/build.make CMakeFiles/cmTC_0ae90.dir/build
make[1]: Entering directory '/home/workspace/CarND-Capstone/ros/build/CMakeFiles/CMakeTmp'
Building C object CMakeFiles/cmTC_0ae90.dir/CheckFunctionExists.c.o
/usr/bin/cc   -DCHECK_FUNCTION_EXISTS=pthread_create   -o CMakeFiles/cmTC_0ae90.dir/CheckFunctionExists.c.o   -c /usr/local/share/cmake-3.13/Modules/CheckFunctionExists.c
Linking C executable cmTC_0ae90
/usr/local/bin/cmake -E cmake_link_script CMakeFiles/cmTC_0ae90.dir/link.txt --verbose=1
/usr/bin/cc  -DCHECK_FUNCTION_EXISTS=pthread_create    -rdynamic CMakeFiles/cmTC_0ae90.dir/CheckFunctionExists.c.o  -o cmTC_0ae90 -lpthreads 
/usr/bin/ld: cannot find -lpthreads
collect2: error: ld returned 1 exit status
CMakeFiles/cmTC_0ae90.dir/build.make:86: recipe for target 'cmTC_0ae90' failed
make[1]: *** [cmTC_0ae90] Error 1
make[1]: Leaving directory '/home/workspace/CarND-Capstone/ros/build/CMakeFiles/CMakeTmp'
Makefile:121: recipe for target 'cmTC_0ae90/fast' failed
make: *** [cmTC_0ae90/fast] Error 2


